<?xml version="1.0" encoding="UTF-8"?>
<testsuite xmlns:xsi="http://www.w3.org/2001/XMLSchema-instance" xsi:noNamespaceSchemaLocation="https://maven.apache.org/surefire/maven-surefire-plugin/xsd/surefire-test-report-3.0.xsd" version="3.0" name="com.aquariux.discoveryserver.DiscoveryServerApplicationTests" time="8.423" tests="1" errors="0" skipped="0" failures="0">
  <properties>
[...]
</properties>
  <testcase name="contextLoads" classname="com.aquariux.discoveryserver.DiscoveryServerApplicationTests" time="0.715">
    <system-out><![CDATA[Standard Commons Logging discovery in action with spring-jcl: please remove commons-logging.jar from classpath in order to avoid potential conflicts
21:27:20.289 [main] INFO org.springframework.test.context.support.AnnotationConfigContextLoaderUtils -- Could not detect default configuration classes for test class [com.aquariux.discoveryserver.DiscoveryServerApplicationTests]: DiscoveryServerApplicationTests does not declare any static, non-private, non-final, nested classes annotated with @Configuration.
21:27:20.394 [main] INFO org.springframework.boot.test.context.SpringBootTestContextBootstrapper -- Found @SpringBootConfiguration com.aquariux.discoveryserver.DiscoveryServerApplication for test class com.aquariux.discoveryserver.DiscoveryServerApplicationTests

  .   ____          _            __ _ _
 /\\ / ___'_ __ _ _(_)_ __  __ _ \ \ \ \
( ( )\___ | '_ | '_| | '_ \/ _` | \ \ \ \
 \\/  ___)| |_)| | | | | || (_| |  ) ) ) )
  '  |____| .__|_| |_|_| |_\__, | / / / /
 =========|_|==============|___/=/_/_/_/
 :: Spring Boot ::                (v3.1.5)

2023-11-03T21:27:22.094+08:00  INFO 20632 --- [           main] c.a.d.DiscoveryServerApplicationTests    : Starting DiscoveryServerApplicationTests using Java 17.0.7 with PID 20632 (started by Dlmen in C:\workspace\aquariux-demo\discovery-server)
2023-11-03T21:27:22.095+08:00  INFO 20632 --- [           main] c.a.d.DiscoveryServerApplicationTests    : No active profile set, falling back to 1 default profile: "default"
2023-11-03T21:27:23.306+08:00  INFO 20632 --- [           main] o.s.cloud.context.scope.GenericScope     : BeanFactory id=3c95e59b-48cf-3c67-9b16-b8fc38777b88
2023-11-03T21:27:25.616+08:00  INFO 20632 --- [           main] o.s.cloud.commons.util.InetUtils         : Cannot determine local hostname
2023-11-03T21:27:27.087+08:00  INFO 20632 --- [           main] o.s.cloud.commons.util.InetUtils         : Cannot determine local hostname
2023-11-03T21:27:27.158+08:00  WARN 20632 --- [           main] iguration$LoadBalancerCaffeineWarnLogger : Spring Cloud LoadBalancer is currently working with the default cache. While this cache implementation is useful for development and tests, it's recommended to use Caffeine cache in production.You can switch to using Caffeine cache, by adding it and org.springframework.cache.caffeine.CaffeineCacheManager to the classpath.
2023-11-03T21:27:27.357+08:00  INFO 20632 --- [           main] o.s.c.n.eureka.InstanceInfoFactory       : Setting initial instance status as: STARTING
2023-11-03T21:27:27.385+08:00  INFO 20632 --- [           main] com.netflix.discovery.DiscoveryClient    : Initializing Eureka in region us-east-1
2023-11-03T21:27:27.387+08:00  INFO 20632 --- [           main] com.netflix.discovery.DiscoveryClient    : Client configured to neither register nor query for data.
2023-11-03T21:27:27.395+08:00  INFO 20632 --- [           main] com.netflix.discovery.DiscoveryClient    : Discovery Client initialized at timestamp 1699018047394 with initial instances count: 0
2023-11-03T21:27:27.446+08:00  INFO 20632 --- [           main] c.n.eureka.DefaultEurekaServerContext    : Initializing ...
2023-11-03T21:27:27.448+08:00  WARN 20632 --- [           main] c.n.eureka.cluster.PeerEurekaNodes       : The replica size seems to be empty. Check the route 53 DNS Registry
2023-11-03T21:27:27.504+08:00  INFO 20632 --- [           main] c.n.e.registry.AbstractInstanceRegistry  : Finished initializing remote region registries. All known remote regions: []
2023-11-03T21:27:27.505+08:00  INFO 20632 --- [           main] c.n.eureka.DefaultEurekaServerContext    : Initialized
2023-11-03T21:27:27.764+08:00  INFO 20632 --- [           main] o.s.b.a.e.web.EndpointLinksResolver      : Exposing 16 endpoint(s) beneath base path '/actuator'
2023-11-03T21:27:27.815+08:00  INFO 20632 --- [           main] o.s.c.n.e.s.EurekaServiceRegistry        : Registering application DISCOVERY-SERVER with eureka with status UP
2023-11-03T21:27:27.826+08:00  INFO 20632 --- [      Thread-10] o.s.c.n.e.server.EurekaServerBootstrap   : isAws returned false
2023-11-03T21:27:27.827+08:00  INFO 20632 --- [      Thread-10] o.s.c.n.e.server.EurekaServerBootstrap   : Initialized server context
2023-11-03T21:27:27.827+08:00  INFO 20632 --- [      Thread-10] c.n.e.r.PeerAwareInstanceRegistryImpl    : Got 1 instances from neighboring DS node
2023-11-03T21:27:27.828+08:00  INFO 20632 --- [      Thread-10] c.n.e.r.PeerAwareInstanceRegistryImpl    : Renew threshold is: 1
2023-11-03T21:27:27.828+08:00  INFO 20632 --- [      Thread-10] c.n.e.r.PeerAwareInstanceRegistryImpl    : Changing status to UP
2023-11-03T21:27:27.835+08:00  INFO 20632 --- [           main] c.a.d.DiscoveryServerApplicationTests    : Started DiscoveryServerApplicationTests in 7.294 seconds (process running for 8.146)
2023-11-03T21:27:27.836+08:00  INFO 20632 --- [      Thread-10] e.s.EurekaServerInitializerConfiguration : Started Eureka Server
]]></system-out>
  </testcase>
</testsuite>